Nov 11 16:26:52 mark-websrv sshd[491]: Accepted password for admin from 172.20.0.1 port 54118 ssh2
Nov 11 16:26:52 mark-websrv sshd[491]: pam_unix(sshd:session): session opened for user admin by (uid=0)
Nov 11 16:26:52 mark-websrv systemd-logind[159]: New session 56672 of user admin.
Nov 11 16:26:52 mark-websrv systemd: pam_unix(systemd-user:session): session opened for user admin by (uid=0)
Nov 11 17:16:01 mark-websrv CRON[578]: pam_unix(cron:session): session opened for user root by (uid=0)
Nov 11 17:16:01 mark-websrv CRON[578]: pam_unix(cron:session): session closed for user root
Nov 11 18:16:01 mark-websrv CRON[618]: pam_unix(cron:session): session opened for user root by (uid=0)
Nov 11 18:16:01 mark-websrv CRON[618]: pam_unix(cron:session): session closed for user root
Nov 11 19:16:01 mark-websrv CRON[691]: pam_unix(cron:session): session opened for user root by (uid=0)
Nov 11 19:16:01 mark-websrv CRON[691]: pam_unix(cron:session): session closed for user root
Nov 11 20:16:01 mark-websrv CRON[711]: pam_unix(cron:session): session opened for user root by (uid=0)
Nov 11 20:16:01 mark-websrv CRON[711]: pam_unix(cron:session): session closed for user root
Nov 11 21:16:01 mark-websrv CRON[734]: pam_unix(cron:session): session opened for user root by (uid=0)
Nov 11 21:16:01 mark-websrv CRON[734]: pam_unix(cron:session): session closed for user root
Nov 11 22:16:01 mark-websrv CRON[758]: pam_unix(cron:session): session opened for user root by (uid=0)
Nov 11 22:16:01 mark-websrv CRON[758]: pam_unix(cron:session): session closed for user root
Nov 11 23:16:01 mark-websrv CRON[781]: pam_unix(cron:session): session opened for user root by (uid=0)
Nov 11 23:16:01 mark-websrv CRON[781]: pam_unix(cron:session): session closed for user root
Nov 12 00:16:01 mark-websrv CRON[805]: pam_unix(cron:session): session opened for user root by (uid=0)
Nov 12 00:16:01 mark-websrv CRON[805]: pam_unix(cron:session): session closed for user root
Nov 12 01:16:01 mark-websrv CRON[825]: pam_unix(cron:session): session opened for user root by (uid=0)
Nov 12 01:16:01 mark-websrv CRON[825]: pam_unix(cron:session): session closed for user root
Nov 12 02:16:01 mark-websrv CRON[846]: pam_unix(cron:session): session opened for user root by (uid=0)
Nov 12 02:16:01 mark-websrv CRON[846]: pam_unix(cron:session): session closed for user root
Nov 12 03:16:01 mark-websrv CRON[867]: pam_unix(cron:session): session opened for user root by (uid=0)
Nov 12 03:16:01 mark-websrv CRON[867]: pam_unix(cron:session): session closed for user root
Nov 12 03:54:11 mark-websrv sshd[542]: Received disconnect from 172.20.0.1 port 54118:11:
Nov 12 03:54:11 mark-websrv sshd[542]: Disconnected from user admin 172.20.0.1 port 54118
Nov 12 03:54:11 mark-websrv systemd-logind[159]: Removed session 56672.
Nov 12 03:54:11 mark-websrv sshd[491]: pam_unix(sshd:session): session closed for user admin
